[2020-12-10 18:41:23,223] multiqc                                            [DEBUG  ]  No MultiQC config found: /home/dajana/.local/lib/python3.8/site-packages/multiqc_config.yaml
[2020-12-10 18:41:23,223] multiqc                                            [DEBUG  ]  No MultiQC config found: /home/dajana/.multiqc_config.yaml
[2020-12-10 18:41:23,223] multiqc                                            [DEBUG  ]  No MultiQC config found: multiqc_config.yaml
[2020-12-10 18:41:23,223] multiqc                                            [DEBUG  ]  Command used: /home/dajana/.local/bin/multiqc .
[2020-12-10 18:41:25,154] multiqc                                            [DEBUG  ]  Latest MultiQC version is v1.9
[2020-12-10 18:41:25,154] multiqc                                            [INFO   ]  This is MultiQC v1.9
[2020-12-10 18:41:25,155] multiqc                                            [DEBUG  ]  Command     : /home/dajana/.local/bin/multiqc .
[2020-12-10 18:41:25,155] multiqc                                            [DEBUG  ]  Working dir : /home/dajana/TTP/REZULTAT
[2020-12-10 18:41:25,155] multiqc                                            [INFO   ]  Template    : default
[2020-12-10 18:41:25,155] multiqc                                            [DEBUG  ]  Running Python 3.8.5 (default, Jul 28 2020, 12:59:40)  [GCC 9.3.0]
[2020-12-10 18:41:25,155] multiqc                                            [INFO   ]  Searching   : /home/dajana/TTP/REZULTAT
[2020-12-10 18:41:25,156] multiqc                                            [DEBUG  ]  Analysing modules: custom_content, conpair, peddy, somalier, methylQA, mosdepth, phantompeakqualtools, qualimap, preseq, quast, qorts, rna_seqc, rockhopper, rsem, rseqc, busco, goleft_indexcov, disambiguate, supernova, deeptools, sargasso, verifybamid, mirtrace, happy, mirtop, homer, macs2, theta2, snpeff, gatk, htseq, bcftools, featureCounts, fgbio, dragen, dedup, damageprofiler, biobambam2, mtnucratio, picard, prokka, samblaster, samtools, sexdeterrmine, bamtools, jellyfish, vcftools, longranger, stacks, varscan2, bbmap, bismark, biscuit, hicexplorer, hicup, hicpro, salmon, kallisto, slamdunk, star, hisat2, tophat, bowtie2, bowtie1, snpsplit, kat, leehom, adapterRemoval, clipandmerge, cutadapt, flexbar, kaiju, kraken, malt, trimmomatic, sickle, skewer, sortmerna, biobloomtools, fastq_screen, afterqc, fastp, fastqc, pycoqc, minionqc, multivcfanalyzer, clusterflow, bcl2fastq, interop, ivar, flash, seqyclean
[2020-12-10 18:41:25,156] multiqc                                            [DEBUG  ]  Using temporary directory for creating report: /tmp/tmp12f9l07z
[2020-12-10 18:41:25,196] multiqc                                            [DEBUG  ]  Ignoring directory as matched fn_ignore_dirs: ./multiqc_data
[2020-12-10 18:41:25,198] multiqc                                            [DEBUG  ]  Ignoring file as matched an ignore pattern: multiqc_report_12.html
[2020-12-10 18:41:25,198] multiqc                                            [DEBUG  ]  Ignoring file as matched an ignore pattern: multiqc_report_1.html
[2020-12-10 18:41:25,198] multiqc                                            [DEBUG  ]  Ignoring file as matched an ignore pattern: multiqc_report.html
[2020-12-10 18:41:25,217] multiqc                                            [DEBUG  ]  File ignored by hicexplorer because it exceeded search pattern filesize limit: multiqc_data.json
[2020-12-10 18:41:25,218] multiqc                                            [DEBUG  ]  File ignored by longranger/invocation because it exceeded search pattern filesize limit: multiqc_data.json
[2020-12-10 18:41:25,341] multiqc                                            [DEBUG  ]  File ignored by hicexplorer because it exceeded search pattern filesize limit: multiqc.log
[2020-12-10 18:41:25,341] multiqc                                            [DEBUG  ]  File ignored by longranger/invocation because it exceeded search pattern filesize limit: multiqc.log
[2020-12-10 18:41:25,347] multiqc                                            [DEBUG  ]  Ignoring file as matched an ignore pattern: .bam
[2020-12-10 18:41:25,347] multiqc                                            [DEBUG  ]  Ignoring file as matched an ignore pattern: test_new_dup_dna.bam
[2020-12-10 18:41:25,361] multiqc                                            [DEBUG  ]  File ignored by hicexplorer because it exceeded search pattern filesize limit: moj_index.1.bt2
[2020-12-10 18:41:25,362] multiqc                                            [DEBUG  ]  File ignored by longranger/invocation because it exceeded search pattern filesize limit: moj_index.1.bt2
[2020-12-10 18:41:25,362] multiqc                                            [DEBUG  ]  File ignored by rockhopper because it exceeded search pattern filesize limit: moj_index.1.bt2
[2020-12-10 18:41:25,362] multiqc                                            [DEBUG  ]  File ignored by rseqc/bam_stat because it exceeded search pattern filesize limit: moj_index.1.bt2
[2020-12-10 18:41:25,362] multiqc                                            [DEBUG  ]  File ignored by rseqc/junction_annotation because it exceeded search pattern filesize limit: moj_index.1.bt2
[2020-12-10 18:41:25,362] multiqc                                            [DEBUG  ]  File ignored by rseqc/read_distribution because it exceeded search pattern filesize limit: moj_index.1.bt2
[2020-12-10 18:41:25,362] multiqc                                            [DEBUG  ]  File ignored by rseqc/infer_experiment because it exceeded search pattern filesize limit: moj_index.1.bt2
[2020-12-10 18:41:25,362] multiqc                                            [DEBUG  ]  File ignored by stacks/sumstats because it exceeded search pattern filesize limit: moj_index.1.bt2
[2020-12-10 18:41:25,364] multiqc                                            [DEBUG  ]  File ignored by hicexplorer because it exceeded search pattern filesize limit: moj_index.rev.1.bt2
[2020-12-10 18:41:25,364] multiqc                                            [DEBUG  ]  File ignored by longranger/invocation because it exceeded search pattern filesize limit: moj_index.rev.1.bt2
[2020-12-10 18:41:25,364] multiqc                                            [DEBUG  ]  File ignored by rockhopper because it exceeded search pattern filesize limit: moj_index.rev.1.bt2
[2020-12-10 18:41:25,364] multiqc                                            [DEBUG  ]  File ignored by rseqc/bam_stat because it exceeded search pattern filesize limit: moj_index.rev.1.bt2
[2020-12-10 18:41:25,364] multiqc                                            [DEBUG  ]  File ignored by rseqc/junction_annotation because it exceeded search pattern filesize limit: moj_index.rev.1.bt2
[2020-12-10 18:41:25,364] multiqc                                            [DEBUG  ]  File ignored by rseqc/read_distribution because it exceeded search pattern filesize limit: moj_index.rev.1.bt2
[2020-12-10 18:41:25,364] multiqc                                            [DEBUG  ]  File ignored by rseqc/infer_experiment because it exceeded search pattern filesize limit: moj_index.rev.1.bt2
[2020-12-10 18:41:25,364] multiqc                                            [DEBUG  ]  File ignored by stacks/sumstats because it exceeded search pattern filesize limit: moj_index.rev.1.bt2
[2020-12-10 18:41:25,374] multiqc                                            [DEBUG  ]  File ignored by hicexplorer because it exceeded search pattern filesize limit: multiqc_data.json
[2020-12-10 18:41:25,375] multiqc                                            [DEBUG  ]  File ignored by longranger/invocation because it exceeded search pattern filesize limit: multiqc_data.json
[2020-12-10 18:41:25,491] multiqc                                            [DEBUG  ]  File ignored by hicexplorer because it exceeded search pattern filesize limit: multiqc.log
[2020-12-10 18:41:25,491] multiqc                                            [DEBUG  ]  File ignored by longranger/invocation because it exceeded search pattern filesize limit: multiqc.log
[2020-12-10 18:41:25,494] multiqc                                            [DEBUG  ]  Ignoring file as matched an ignore pattern: fastp.html
[2020-12-10 18:41:25,494] multiqc                                            [DEBUG  ]  Ignoring file as matched an ignore pattern: test_new_dup_dna_trim2.fq
[2020-12-10 18:41:25,495] multiqc                                            [DEBUG  ]  Ignoring file as matched an ignore pattern: test_new_dup_dna_trim1.fq
[2020-12-10 18:41:25,627] multiqc.plots.bargraph                             [DEBUG  ]  Using matplotlib version 3.3.3
[2020-12-10 18:41:25,628] multiqc.plots.linegraph                            [DEBUG  ]  Using matplotlib version 3.3.3
[2020-12-10 18:41:25,628] multiqc                                            [DEBUG  ]  No samples found: custom_content
[2020-12-10 18:41:25,649] multiqc                                            [DEBUG  ]  No samples found: conpair
[2020-12-10 18:41:25,650] multiqc                                            [DEBUG  ]  No samples found: peddy
[2020-12-10 18:41:25,652] multiqc                                            [DEBUG  ]  No samples found: somalier
[2020-12-10 18:41:25,654] multiqc                                            [DEBUG  ]  No samples found: methylQA
[2020-12-10 18:41:25,655] multiqc                                            [DEBUG  ]  No samples found: mosdepth
[2020-12-10 18:41:25,656] multiqc                                            [DEBUG  ]  No samples found: phantompeakqualtools
[2020-12-10 18:41:25,657] multiqc                                            [DEBUG  ]  No samples found: qualimap
[2020-12-10 18:41:25,659] multiqc                                            [DEBUG  ]  No samples found: preseq
[2020-12-10 18:41:25,660] multiqc                                            [DEBUG  ]  No samples found: quast
[2020-12-10 18:41:25,662] multiqc                                            [DEBUG  ]  No samples found: qorts
[2020-12-10 18:41:25,663] multiqc                                            [DEBUG  ]  No samples found: rna_seqc
[2020-12-10 18:41:25,664] multiqc                                            [DEBUG  ]  No samples found: rockhopper
[2020-12-10 18:41:25,665] multiqc                                            [DEBUG  ]  No samples found: rsem
[2020-12-10 18:41:25,667] multiqc                                            [DEBUG  ]  No samples found: rseqc
[2020-12-10 18:41:25,669] multiqc                                            [DEBUG  ]  No samples found: busco
[2020-12-10 18:41:25,670] multiqc                                            [DEBUG  ]  No samples found: goleft_indexcov
[2020-12-10 18:41:25,671] multiqc                                            [DEBUG  ]  No samples found: disambiguate
[2020-12-10 18:41:25,673] multiqc                                            [DEBUG  ]  No samples found: supernova
[2020-12-10 18:41:25,675] multiqc                                            [DEBUG  ]  No samples found: deeptools
[2020-12-10 18:41:25,676] multiqc                                            [DEBUG  ]  No samples found: sargasso
[2020-12-10 18:41:25,677] multiqc                                            [DEBUG  ]  No samples found: verifybamid
[2020-12-10 18:41:25,679] multiqc                                            [DEBUG  ]  No samples found: mirtrace
[2020-12-10 18:41:25,680] multiqc                                            [DEBUG  ]  No samples found: happy
[2020-12-10 18:41:25,681] multiqc                                            [DEBUG  ]  No samples found: mirtop
[2020-12-10 18:41:25,682] multiqc                                            [DEBUG  ]  No samples found: homer
[2020-12-10 18:41:25,684] multiqc                                            [DEBUG  ]  No samples found: macs2
[2020-12-10 18:41:25,685] multiqc                                            [DEBUG  ]  No samples found: theta2
[2020-12-10 18:41:25,687] multiqc                                            [DEBUG  ]  No samples found: snpeff
[2020-12-10 18:41:25,688] multiqc                                            [DEBUG  ]  No samples found: gatk
[2020-12-10 18:41:25,689] multiqc                                            [DEBUG  ]  No samples found: htseq
[2020-12-10 18:41:25,691] multiqc                                            [DEBUG  ]  No samples found: bcftools
[2020-12-10 18:41:25,692] multiqc                                            [DEBUG  ]  No samples found: featureCounts
[2020-12-10 18:41:25,693] multiqc                                            [DEBUG  ]  No samples found: fgbio
[2020-12-10 18:41:25,696] multiqc                                            [DEBUG  ]  No samples found: dragen
[2020-12-10 18:41:25,697] multiqc                                            [DEBUG  ]  No samples found: dedup
[2020-12-10 18:41:25,698] multiqc                                            [DEBUG  ]  No samples found: damageprofiler
[2020-12-10 18:41:25,703] multiqc                                            [DEBUG  ]  No samples found: biobambam2
[2020-12-10 18:41:25,704] multiqc                                            [DEBUG  ]  No samples found: mtnucratio
[2020-12-10 18:41:25,705] multiqc                                            [DEBUG  ]  No samples found: picard
[2020-12-10 18:41:25,707] multiqc                                            [DEBUG  ]  No samples found: prokka
[2020-12-10 18:41:25,708] multiqc                                            [DEBUG  ]  No samples found: samblaster
[2020-12-10 18:41:25,709] multiqc                                            [DEBUG  ]  No samples found: samtools
[2020-12-10 18:41:25,711] multiqc                                            [DEBUG  ]  No samples found: sexdeterrmine
[2020-12-10 18:41:25,712] multiqc                                            [DEBUG  ]  No samples found: bamtools
[2020-12-10 18:41:25,713] multiqc                                            [DEBUG  ]  No samples found: jellyfish
[2020-12-10 18:41:25,714] multiqc                                            [DEBUG  ]  No samples found: vcftools
[2020-12-10 18:41:25,716] multiqc                                            [DEBUG  ]  No samples found: longranger
[2020-12-10 18:41:25,718] multiqc                                            [DEBUG  ]  No samples found: stacks
[2020-12-10 18:41:25,719] multiqc                                            [DEBUG  ]  No samples found: varscan2
[2020-12-10 18:41:25,722] multiqc                                            [DEBUG  ]  No samples found: bbmap
[2020-12-10 18:41:25,723] multiqc                                            [DEBUG  ]  No samples found: bismark
[2020-12-10 18:41:25,724] multiqc                                            [DEBUG  ]  No samples found: biscuit
[2020-12-10 18:41:25,725] multiqc                                            [DEBUG  ]  No samples found: hicexplorer
[2020-12-10 18:41:25,727] multiqc                                            [DEBUG  ]  No samples found: hicup
[2020-12-10 18:41:25,728] multiqc                                            [DEBUG  ]  No samples found: hicpro
[2020-12-10 18:41:25,729] multiqc                                            [DEBUG  ]  No samples found: salmon
[2020-12-10 18:41:25,730] multiqc                                            [DEBUG  ]  No samples found: kallisto
[2020-12-10 18:41:25,731] multiqc                                            [DEBUG  ]  No samples found: slamdunk
[2020-12-10 18:41:25,733] multiqc                                            [DEBUG  ]  No samples found: star
[2020-12-10 18:41:25,734] multiqc                                            [DEBUG  ]  No samples found: hisat2
[2020-12-10 18:41:25,736] multiqc                                            [DEBUG  ]  No samples found: tophat
[2020-12-10 18:41:25,738] multiqc.modules.bowtie2.bowtie2                    [INFO   ]  Found 1 reports
[2020-12-10 18:41:25,744] multiqc                                            [DEBUG  ]  No samples found: bowtie1
[2020-12-10 18:41:25,746] multiqc                                            [DEBUG  ]  No samples found: snpsplit
[2020-12-10 18:41:25,749] multiqc                                            [DEBUG  ]  No samples found: kat
[2020-12-10 18:41:25,751] multiqc                                            [DEBUG  ]  No samples found: leehom
[2020-12-10 18:41:25,753] multiqc                                            [DEBUG  ]  No samples found: adapterRemoval
[2020-12-10 18:41:25,754] multiqc                                            [DEBUG  ]  No samples found: clipandmerge
[2020-12-10 18:41:25,755] multiqc                                            [DEBUG  ]  No samples found: cutadapt
[2020-12-10 18:41:25,756] multiqc                                            [DEBUG  ]  No samples found: flexbar
[2020-12-10 18:41:25,758] multiqc                                            [DEBUG  ]  No samples found: kaiju
[2020-12-10 18:41:25,759] multiqc                                            [DEBUG  ]  No samples found: kraken
[2020-12-10 18:41:25,760] multiqc                                            [DEBUG  ]  No samples found: malt
[2020-12-10 18:41:25,762] multiqc                                            [DEBUG  ]  No samples found: trimmomatic
[2020-12-10 18:41:25,763] multiqc                                            [DEBUG  ]  No samples found: sickle
[2020-12-10 18:41:25,764] multiqc                                            [DEBUG  ]  No samples found: skewer
[2020-12-10 18:41:25,765] multiqc                                            [DEBUG  ]  No samples found: sortmerna
[2020-12-10 18:41:25,766] multiqc                                            [DEBUG  ]  No samples found: biobloomtools
[2020-12-10 18:41:25,768] multiqc                                            [DEBUG  ]  No samples found: fastq_screen
[2020-12-10 18:41:25,770] multiqc                                            [DEBUG  ]  No samples found: afterqc
[2020-12-10 18:41:25,772] multiqc.modules.fastp.fastp                        [DEBUG  ]  No insert size plot data: fastp.json
[2020-12-10 18:41:25,772] multiqc.modules.fastp.fastp                        [INFO   ]  Found 1 reports
[2020-12-10 18:41:25,777] multiqc                                            [DEBUG  ]  No samples found: fastqc
[2020-12-10 18:41:25,778] multiqc                                            [DEBUG  ]  No samples found: pycoqc
[2020-12-10 18:41:25,779] multiqc                                            [DEBUG  ]  No samples found: minionqc
[2020-12-10 18:41:25,781] multiqc                                            [DEBUG  ]  No samples found: multivcfanalyzer
[2020-12-10 18:41:25,782] multiqc                                            [DEBUG  ]  No samples found: clusterflow
[2020-12-10 18:41:25,783] multiqc                                            [DEBUG  ]  No samples found: bcl2fastq
[2020-12-10 18:41:25,785] multiqc                                            [DEBUG  ]  No samples found: interop
[2020-12-10 18:41:25,786] multiqc                                            [DEBUG  ]  No samples found: ivar
[2020-12-10 18:41:25,788] multiqc                                            [DEBUG  ]  No samples found: flash
[2020-12-10 18:41:25,790] multiqc                                            [DEBUG  ]  No samples found: seqyclean
[2020-12-10 18:41:25,793] multiqc                                            [INFO   ]  Compressing plot data
[2020-12-10 18:41:25,821] multiqc                                            [WARNING]  Previous MultiQC output found! Adjusting filenames..
[2020-12-10 18:41:25,821] multiqc                                            [WARNING]  Use -f or --force to overwrite existing reports instead
[2020-12-10 18:41:25,821] multiqc                                            [INFO   ]  Report      : multiqc_report_2.html
[2020-12-10 18:41:25,822] multiqc                                            [INFO   ]  Data        : multiqc_data_2
[2020-12-10 18:41:25,822] multiqc                                            [DEBUG  ]  Moving data file from '/tmp/tmp12f9l07z/multiqc_data' to '/home/dajana/TTP/REZULTAT/multiqc_data_2'
[2020-12-10 18:41:25,881] multiqc                                            [INFO   ]  MultiQC complete
