[2020-12-05 14:48:08,509] multiqc                                            [DEBUG  ]  No MultiQC config found: /home/dajana/.local/lib/python3.8/site-packages/multiqc_config.yaml
[2020-12-05 14:48:08,509] multiqc                                            [DEBUG  ]  No MultiQC config found: /home/dajana/.multiqc_config.yaml
[2020-12-05 14:48:08,509] multiqc                                            [DEBUG  ]  No MultiQC config found: multiqc_config.yaml
[2020-12-05 14:48:08,509] multiqc                                            [DEBUG  ]  Command used: /home/dajana/.local/bin/multiqc .
[2020-12-05 14:48:10,548] multiqc                                            [DEBUG  ]  Latest MultiQC version is v1.9
[2020-12-05 14:48:10,548] multiqc                                            [INFO   ]  This is MultiQC v1.9
[2020-12-05 14:48:10,549] multiqc                                            [DEBUG  ]  Command     : /home/dajana/.local/bin/multiqc .
[2020-12-05 14:48:10,549] multiqc                                            [DEBUG  ]  Working dir : /home/dajana/TTP/REZULTAT
[2020-12-05 14:48:10,549] multiqc                                            [INFO   ]  Template    : default
[2020-12-05 14:48:10,549] multiqc                                            [DEBUG  ]  Running Python 3.8.5 (default, Jul 28 2020, 12:59:40)  [GCC 9.3.0]
[2020-12-05 14:48:10,549] multiqc                                            [INFO   ]  Searching   : /home/dajana/TTP/REZULTAT
[2020-12-05 14:48:10,550] multiqc                                            [DEBUG  ]  Analysing modules: custom_content, conpair, peddy, somalier, methylQA, mosdepth, phantompeakqualtools, qualimap, preseq, quast, qorts, rna_seqc, rockhopper, rsem, rseqc, busco, goleft_indexcov, disambiguate, supernova, deeptools, sargasso, verifybamid, mirtrace, happy, mirtop, homer, macs2, theta2, snpeff, gatk, htseq, bcftools, featureCounts, fgbio, dragen, dedup, damageprofiler, biobambam2, mtnucratio, picard, prokka, samblaster, samtools, sexdeterrmine, bamtools, jellyfish, vcftools, longranger, stacks, varscan2, bbmap, bismark, biscuit, hicexplorer, hicup, hicpro, salmon, kallisto, slamdunk, star, hisat2, tophat, bowtie2, bowtie1, snpsplit, kat, leehom, adapterRemoval, clipandmerge, cutadapt, flexbar, kaiju, kraken, malt, trimmomatic, sickle, skewer, sortmerna, biobloomtools, fastq_screen, afterqc, fastp, fastqc, pycoqc, minionqc, multivcfanalyzer, clusterflow, bcl2fastq, interop, ivar, flash, seqyclean
[2020-12-05 14:48:10,550] multiqc                                            [DEBUG  ]  Using temporary directory for creating report: /tmp/tmpja9tjojq
[2020-12-05 14:48:10,586] multiqc                                            [DEBUG  ]  Ignoring directory as matched fn_ignore_dirs: ./multiqc_data
[2020-12-05 14:48:10,589] multiqc                                            [DEBUG  ]  Ignoring file as matched an ignore pattern: multiqc_report_11.html
[2020-12-05 14:48:10,589] multiqc                                            [DEBUG  ]  Ignoring file as matched an ignore pattern: multiqc_report_10.html
[2020-12-05 14:48:10,589] multiqc                                            [DEBUG  ]  Ignoring file as matched an ignore pattern: multiqc_report_4.html
[2020-12-05 14:48:10,589] multiqc                                            [DEBUG  ]  Ignoring file as matched an ignore pattern: multiqc_report_1.html
[2020-12-05 14:48:10,589] multiqc                                            [DEBUG  ]  Ignoring file as matched an ignore pattern: multiqc_report_9.html
[2020-12-05 14:48:10,589] multiqc                                            [DEBUG  ]  Ignoring file as matched an ignore pattern: multiqc_report_7.html
[2020-12-05 14:48:10,589] multiqc                                            [DEBUG  ]  Ignoring file as matched an ignore pattern: multiqc_report_2.html
[2020-12-05 14:48:10,589] multiqc                                            [DEBUG  ]  Ignoring file as matched an ignore pattern: multiqc_report_6.html
[2020-12-05 14:48:10,589] multiqc                                            [DEBUG  ]  Ignoring file as matched an ignore pattern: multiqc_report_5.html
[2020-12-05 14:48:10,589] multiqc                                            [DEBUG  ]  Ignoring file as matched an ignore pattern: multiqc_report.html
[2020-12-05 14:48:10,589] multiqc                                            [DEBUG  ]  Ignoring file as matched an ignore pattern: multiqc_report_8.html
[2020-12-05 14:48:10,589] multiqc                                            [DEBUG  ]  Ignoring file as matched an ignore pattern: multiqc_report_3.html
[2020-12-05 14:48:10,609] multiqc                                            [DEBUG  ]  File ignored by hicexplorer because it exceeded search pattern filesize limit: multiqc_data.json
[2020-12-05 14:48:10,609] multiqc                                            [DEBUG  ]  File ignored by longranger/invocation because it exceeded search pattern filesize limit: multiqc_data.json
[2020-12-05 14:48:10,726] multiqc                                            [DEBUG  ]  File ignored by hicexplorer because it exceeded search pattern filesize limit: multiqc.log
[2020-12-05 14:48:10,727] multiqc                                            [DEBUG  ]  File ignored by longranger/invocation because it exceeded search pattern filesize limit: multiqc.log
[2020-12-05 14:48:10,736] multiqc                                            [DEBUG  ]  File ignored by hicexplorer because it exceeded search pattern filesize limit: multiqc_data.json
[2020-12-05 14:48:10,737] multiqc                                            [DEBUG  ]  File ignored by longranger/invocation because it exceeded search pattern filesize limit: multiqc_data.json
[2020-12-05 14:48:10,862] multiqc                                            [DEBUG  ]  File ignored by hicexplorer because it exceeded search pattern filesize limit: multiqc.log
[2020-12-05 14:48:10,862] multiqc                                            [DEBUG  ]  File ignored by longranger/invocation because it exceeded search pattern filesize limit: multiqc.log
[2020-12-05 14:48:10,872] multiqc                                            [DEBUG  ]  File ignored by hicexplorer because it exceeded search pattern filesize limit: multiqc_data.json
[2020-12-05 14:48:10,873] multiqc                                            [DEBUG  ]  File ignored by longranger/invocation because it exceeded search pattern filesize limit: multiqc_data.json
[2020-12-05 14:48:10,995] multiqc                                            [DEBUG  ]  File ignored by hicexplorer because it exceeded search pattern filesize limit: multiqc.log
[2020-12-05 14:48:10,996] multiqc                                            [DEBUG  ]  File ignored by longranger/invocation because it exceeded search pattern filesize limit: multiqc.log
[2020-12-05 14:48:11,003] multiqc                                            [DEBUG  ]  Ignoring file as matched an ignore pattern: .bam
[2020-12-05 14:48:11,004] multiqc                                            [DEBUG  ]  File ignored by hicexplorer because it exceeded search pattern filesize limit: test_new_dup_dna_stats.txt
[2020-12-05 14:48:11,005] multiqc                                            [DEBUG  ]  File ignored by longranger/invocation because it exceeded search pattern filesize limit: test_new_dup_dna_stats.txt
[2020-12-05 14:48:11,014] multiqc                                            [DEBUG  ]  Ignoring file as matched an ignore pattern: test_new_dup_dna.bam
[2020-12-05 14:48:11,014] multiqc                                            [DEBUG  ]  Ignoring file as matched an ignore pattern: test_new_dup_dna_sorted.bam
[2020-12-05 14:48:11,015] multiqc                                            [DEBUG  ]  Ignoring file as matched an ignore pattern: test_new_dup_dna.sam
[2020-12-05 14:48:11,026] multiqc                                            [DEBUG  ]  File ignored by hicexplorer because it exceeded search pattern filesize limit: moj_index.1.bt2
[2020-12-05 14:48:11,026] multiqc                                            [DEBUG  ]  File ignored by longranger/invocation because it exceeded search pattern filesize limit: moj_index.1.bt2
[2020-12-05 14:48:11,026] multiqc                                            [DEBUG  ]  File ignored by rockhopper because it exceeded search pattern filesize limit: moj_index.1.bt2
[2020-12-05 14:48:11,026] multiqc                                            [DEBUG  ]  File ignored by rseqc/bam_stat because it exceeded search pattern filesize limit: moj_index.1.bt2
[2020-12-05 14:48:11,026] multiqc                                            [DEBUG  ]  File ignored by rseqc/junction_annotation because it exceeded search pattern filesize limit: moj_index.1.bt2
[2020-12-05 14:48:11,026] multiqc                                            [DEBUG  ]  File ignored by rseqc/read_distribution because it exceeded search pattern filesize limit: moj_index.1.bt2
[2020-12-05 14:48:11,026] multiqc                                            [DEBUG  ]  File ignored by rseqc/infer_experiment because it exceeded search pattern filesize limit: moj_index.1.bt2
[2020-12-05 14:48:11,026] multiqc                                            [DEBUG  ]  File ignored by stacks/sumstats because it exceeded search pattern filesize limit: moj_index.1.bt2
[2020-12-05 14:48:11,029] multiqc                                            [DEBUG  ]  File ignored by hicexplorer because it exceeded search pattern filesize limit: moj_index.rev.1.bt2
[2020-12-05 14:48:11,029] multiqc                                            [DEBUG  ]  File ignored by longranger/invocation because it exceeded search pattern filesize limit: moj_index.rev.1.bt2
[2020-12-05 14:48:11,029] multiqc                                            [DEBUG  ]  File ignored by rockhopper because it exceeded search pattern filesize limit: moj_index.rev.1.bt2
[2020-12-05 14:48:11,029] multiqc                                            [DEBUG  ]  File ignored by rseqc/bam_stat because it exceeded search pattern filesize limit: moj_index.rev.1.bt2
[2020-12-05 14:48:11,029] multiqc                                            [DEBUG  ]  File ignored by rseqc/junction_annotation because it exceeded search pattern filesize limit: moj_index.rev.1.bt2
[2020-12-05 14:48:11,029] multiqc                                            [DEBUG  ]  File ignored by rseqc/read_distribution because it exceeded search pattern filesize limit: moj_index.rev.1.bt2
[2020-12-05 14:48:11,029] multiqc                                            [DEBUG  ]  File ignored by rseqc/infer_experiment because it exceeded search pattern filesize limit: moj_index.rev.1.bt2
[2020-12-05 14:48:11,029] multiqc                                            [DEBUG  ]  File ignored by stacks/sumstats because it exceeded search pattern filesize limit: moj_index.rev.1.bt2
[2020-12-05 14:48:11,037] multiqc                                            [DEBUG  ]  File ignored by hicexplorer because it exceeded search pattern filesize limit: multiqc_data.json
[2020-12-05 14:48:11,037] multiqc                                            [DEBUG  ]  File ignored by longranger/invocation because it exceeded search pattern filesize limit: multiqc_data.json
[2020-12-05 14:48:11,156] multiqc                                            [DEBUG  ]  File ignored by hicexplorer because it exceeded search pattern filesize limit: multiqc.log
[2020-12-05 14:48:11,157] multiqc                                            [DEBUG  ]  File ignored by longranger/invocation because it exceeded search pattern filesize limit: multiqc.log
[2020-12-05 14:48:11,171] multiqc                                            [DEBUG  ]  File ignored by hicexplorer because it exceeded search pattern filesize limit: multiqc_data.json
[2020-12-05 14:48:11,172] multiqc                                            [DEBUG  ]  File ignored by longranger/invocation because it exceeded search pattern filesize limit: multiqc_data.json
[2020-12-05 14:48:11,299] multiqc                                            [DEBUG  ]  File ignored by hicexplorer because it exceeded search pattern filesize limit: multiqc.log
[2020-12-05 14:48:11,300] multiqc                                            [DEBUG  ]  File ignored by longranger/invocation because it exceeded search pattern filesize limit: multiqc.log
[2020-12-05 14:48:11,312] multiqc                                            [DEBUG  ]  File ignored by hicexplorer because it exceeded search pattern filesize limit: multiqc_data.json
[2020-12-05 14:48:11,313] multiqc                                            [DEBUG  ]  File ignored by longranger/invocation because it exceeded search pattern filesize limit: multiqc_data.json
[2020-12-05 14:48:11,443] multiqc                                            [DEBUG  ]  File ignored by hicexplorer because it exceeded search pattern filesize limit: multiqc.log
[2020-12-05 14:48:11,444] multiqc                                            [DEBUG  ]  File ignored by longranger/invocation because it exceeded search pattern filesize limit: multiqc.log
[2020-12-05 14:48:11,463] multiqc                                            [DEBUG  ]  File ignored by hicexplorer because it exceeded search pattern filesize limit: multiqc_data.json
[2020-12-05 14:48:11,464] multiqc                                            [DEBUG  ]  File ignored by longranger/invocation because it exceeded search pattern filesize limit: multiqc_data.json
[2020-12-05 14:48:11,589] multiqc                                            [DEBUG  ]  File ignored by hicexplorer because it exceeded search pattern filesize limit: multiqc.log
[2020-12-05 14:48:11,590] multiqc                                            [DEBUG  ]  File ignored by longranger/invocation because it exceeded search pattern filesize limit: multiqc.log
[2020-12-05 14:48:11,604] multiqc                                            [DEBUG  ]  File ignored by hicexplorer because it exceeded search pattern filesize limit: multiqc_data.json
[2020-12-05 14:48:11,605] multiqc                                            [DEBUG  ]  File ignored by longranger/invocation because it exceeded search pattern filesize limit: multiqc_data.json
[2020-12-05 14:48:11,729] multiqc                                            [DEBUG  ]  File ignored by hicexplorer because it exceeded search pattern filesize limit: multiqc.log
[2020-12-05 14:48:11,730] multiqc                                            [DEBUG  ]  File ignored by longranger/invocation because it exceeded search pattern filesize limit: multiqc.log
[2020-12-05 14:48:11,744] multiqc                                            [DEBUG  ]  File ignored by hicexplorer because it exceeded search pattern filesize limit: multiqc_data.json
[2020-12-05 14:48:11,744] multiqc                                            [DEBUG  ]  File ignored by longranger/invocation because it exceeded search pattern filesize limit: multiqc_data.json
[2020-12-05 14:48:11,872] multiqc                                            [DEBUG  ]  File ignored by hicexplorer because it exceeded search pattern filesize limit: multiqc.log
[2020-12-05 14:48:11,873] multiqc                                            [DEBUG  ]  File ignored by longranger/invocation because it exceeded search pattern filesize limit: multiqc.log
[2020-12-05 14:48:11,887] multiqc                                            [DEBUG  ]  File ignored by hicexplorer because it exceeded search pattern filesize limit: multiqc_data.json
[2020-12-05 14:48:11,888] multiqc                                            [DEBUG  ]  File ignored by longranger/invocation because it exceeded search pattern filesize limit: multiqc_data.json
[2020-12-05 14:48:12,015] multiqc                                            [DEBUG  ]  File ignored by hicexplorer because it exceeded search pattern filesize limit: multiqc.log
[2020-12-05 14:48:12,016] multiqc                                            [DEBUG  ]  File ignored by longranger/invocation because it exceeded search pattern filesize limit: multiqc.log
[2020-12-05 14:48:12,029] multiqc                                            [DEBUG  ]  File ignored by hicexplorer because it exceeded search pattern filesize limit: multiqc_data.json
[2020-12-05 14:48:12,030] multiqc                                            [DEBUG  ]  File ignored by longranger/invocation because it exceeded search pattern filesize limit: multiqc_data.json
[2020-12-05 14:48:12,154] multiqc                                            [DEBUG  ]  File ignored by hicexplorer because it exceeded search pattern filesize limit: multiqc.log
[2020-12-05 14:48:12,155] multiqc                                            [DEBUG  ]  File ignored by longranger/invocation because it exceeded search pattern filesize limit: multiqc.log
[2020-12-05 14:48:12,160] multiqc                                            [DEBUG  ]  Ignoring file as matched an ignore pattern: fastp.html
[2020-12-05 14:48:12,160] multiqc                                            [DEBUG  ]  Ignoring file as matched an ignore pattern: test_new_dup_dna_trim2.fq
[2020-12-05 14:48:12,160] multiqc                                            [DEBUG  ]  Ignoring file as matched an ignore pattern: test_new_dup_dna_trim1.fq
[2020-12-05 14:48:12,301] multiqc.plots.bargraph                             [DEBUG  ]  Using matplotlib version 3.3.3
[2020-12-05 14:48:12,301] multiqc.plots.linegraph                            [DEBUG  ]  Using matplotlib version 3.3.3
[2020-12-05 14:48:12,302] multiqc                                            [DEBUG  ]  No samples found: custom_content
[2020-12-05 14:48:12,322] multiqc                                            [DEBUG  ]  No samples found: conpair
[2020-12-05 14:48:12,324] multiqc                                            [DEBUG  ]  No samples found: peddy
[2020-12-05 14:48:12,326] multiqc                                            [DEBUG  ]  No samples found: somalier
[2020-12-05 14:48:12,327] multiqc                                            [DEBUG  ]  No samples found: methylQA
[2020-12-05 14:48:12,328] multiqc                                            [DEBUG  ]  No samples found: mosdepth
[2020-12-05 14:48:12,330] multiqc                                            [DEBUG  ]  No samples found: phantompeakqualtools
[2020-12-05 14:48:12,331] multiqc                                            [DEBUG  ]  No samples found: qualimap
[2020-12-05 14:48:12,332] multiqc                                            [DEBUG  ]  No samples found: preseq
[2020-12-05 14:48:12,334] multiqc                                            [DEBUG  ]  No samples found: quast
[2020-12-05 14:48:12,335] multiqc                                            [DEBUG  ]  No samples found: qorts
[2020-12-05 14:48:12,336] multiqc                                            [DEBUG  ]  No samples found: rna_seqc
[2020-12-05 14:48:12,337] multiqc                                            [DEBUG  ]  No samples found: rockhopper
[2020-12-05 14:48:12,338] multiqc                                            [DEBUG  ]  No samples found: rsem
[2020-12-05 14:48:12,341] multiqc                                            [DEBUG  ]  No samples found: rseqc
[2020-12-05 14:48:12,342] multiqc                                            [DEBUG  ]  No samples found: busco
[2020-12-05 14:48:12,343] multiqc                                            [DEBUG  ]  No samples found: goleft_indexcov
[2020-12-05 14:48:12,344] multiqc                                            [DEBUG  ]  No samples found: disambiguate
[2020-12-05 14:48:12,345] multiqc                                            [DEBUG  ]  No samples found: supernova
[2020-12-05 14:48:12,348] multiqc                                            [DEBUG  ]  No samples found: deeptools
[2020-12-05 14:48:12,349] multiqc                                            [DEBUG  ]  No samples found: sargasso
[2020-12-05 14:48:12,350] multiqc                                            [DEBUG  ]  No samples found: verifybamid
[2020-12-05 14:48:12,351] multiqc                                            [DEBUG  ]  No samples found: mirtrace
[2020-12-05 14:48:12,353] multiqc                                            [DEBUG  ]  No samples found: happy
[2020-12-05 14:48:12,354] multiqc                                            [DEBUG  ]  No samples found: mirtop
[2020-12-05 14:48:12,355] multiqc                                            [DEBUG  ]  No samples found: homer
[2020-12-05 14:48:12,356] multiqc                                            [DEBUG  ]  No samples found: macs2
[2020-12-05 14:48:12,358] multiqc                                            [DEBUG  ]  No samples found: theta2
[2020-12-05 14:48:12,359] multiqc                                            [DEBUG  ]  No samples found: snpeff
[2020-12-05 14:48:12,360] multiqc                                            [DEBUG  ]  No samples found: gatk
[2020-12-05 14:48:12,361] multiqc                                            [DEBUG  ]  No samples found: htseq
[2020-12-05 14:48:12,363] multiqc                                            [DEBUG  ]  No samples found: bcftools
[2020-12-05 14:48:12,364] multiqc                                            [DEBUG  ]  No samples found: featureCounts
[2020-12-05 14:48:12,367] multiqc                                            [DEBUG  ]  No samples found: fgbio
[2020-12-05 14:48:12,369] multiqc                                            [DEBUG  ]  No samples found: dragen
[2020-12-05 14:48:12,371] multiqc                                            [DEBUG  ]  No samples found: dedup
[2020-12-05 14:48:12,372] multiqc                                            [DEBUG  ]  No samples found: damageprofiler
[2020-12-05 14:48:12,376] multiqc                                            [DEBUG  ]  No samples found: biobambam2
[2020-12-05 14:48:12,378] multiqc                                            [DEBUG  ]  No samples found: mtnucratio
[2020-12-05 14:48:12,379] multiqc                                            [DEBUG  ]  No samples found: picard
[2020-12-05 14:48:12,380] multiqc                                            [DEBUG  ]  No samples found: prokka
[2020-12-05 14:48:12,381] multiqc                                            [DEBUG  ]  No samples found: samblaster
[2020-12-05 14:48:12,388] multiqc.modules.samtools.samtools                  [INFO   ]  Found 1 stats reports
[2020-12-05 14:48:12,389] multiqc                                            [DEBUG  ]  No samples found: sexdeterrmine
[2020-12-05 14:48:12,391] multiqc                                            [DEBUG  ]  No samples found: bamtools
[2020-12-05 14:48:12,394] multiqc                                            [DEBUG  ]  No samples found: jellyfish
[2020-12-05 14:48:12,397] multiqc                                            [DEBUG  ]  No samples found: vcftools
[2020-12-05 14:48:12,399] multiqc                                            [DEBUG  ]  No samples found: longranger
[2020-12-05 14:48:12,401] multiqc                                            [DEBUG  ]  No samples found: stacks
[2020-12-05 14:48:12,404] multiqc                                            [DEBUG  ]  No samples found: varscan2
[2020-12-05 14:48:12,409] multiqc                                            [DEBUG  ]  No samples found: bbmap
[2020-12-05 14:48:12,411] multiqc                                            [DEBUG  ]  No samples found: bismark
[2020-12-05 14:48:12,413] multiqc                                            [DEBUG  ]  No samples found: biscuit
[2020-12-05 14:48:12,415] multiqc                                            [DEBUG  ]  No samples found: hicexplorer
[2020-12-05 14:48:12,416] multiqc                                            [DEBUG  ]  No samples found: hicup
[2020-12-05 14:48:12,417] multiqc                                            [DEBUG  ]  No samples found: hicpro
[2020-12-05 14:48:12,418] multiqc                                            [DEBUG  ]  No samples found: salmon
[2020-12-05 14:48:12,420] multiqc                                            [DEBUG  ]  No samples found: kallisto
[2020-12-05 14:48:12,421] multiqc                                            [DEBUG  ]  No samples found: slamdunk
[2020-12-05 14:48:12,422] multiqc                                            [DEBUG  ]  No samples found: star
[2020-12-05 14:48:12,424] multiqc                                            [DEBUG  ]  No samples found: hisat2
[2020-12-05 14:48:12,425] multiqc                                            [DEBUG  ]  No samples found: tophat
[2020-12-05 14:48:12,427] multiqc                                            [DEBUG  ]  No samples found: bowtie2
[2020-12-05 14:48:12,428] multiqc                                            [DEBUG  ]  No samples found: bowtie1
[2020-12-05 14:48:12,429] multiqc                                            [DEBUG  ]  No samples found: snpsplit
[2020-12-05 14:48:12,431] multiqc                                            [DEBUG  ]  No samples found: kat
[2020-12-05 14:48:12,432] multiqc                                            [DEBUG  ]  No samples found: leehom
[2020-12-05 14:48:12,433] multiqc                                            [DEBUG  ]  No samples found: adapterRemoval
[2020-12-05 14:48:12,434] multiqc                                            [DEBUG  ]  No samples found: clipandmerge
[2020-12-05 14:48:12,436] multiqc                                            [DEBUG  ]  No samples found: cutadapt
[2020-12-05 14:48:12,437] multiqc                                            [DEBUG  ]  No samples found: flexbar
[2020-12-05 14:48:12,438] multiqc                                            [DEBUG  ]  No samples found: kaiju
[2020-12-05 14:48:12,439] multiqc                                            [DEBUG  ]  No samples found: kraken
[2020-12-05 14:48:12,441] multiqc                                            [DEBUG  ]  No samples found: malt
[2020-12-05 14:48:12,442] multiqc                                            [DEBUG  ]  No samples found: trimmomatic
[2020-12-05 14:48:12,443] multiqc                                            [DEBUG  ]  No samples found: sickle
[2020-12-05 14:48:12,444] multiqc                                            [DEBUG  ]  No samples found: skewer
[2020-12-05 14:48:12,446] multiqc                                            [DEBUG  ]  No samples found: sortmerna
[2020-12-05 14:48:12,447] multiqc                                            [DEBUG  ]  No samples found: biobloomtools
[2020-12-05 14:48:12,448] multiqc                                            [DEBUG  ]  No samples found: fastq_screen
[2020-12-05 14:48:12,449] multiqc                                            [DEBUG  ]  No samples found: afterqc
[2020-12-05 14:48:12,452] multiqc.modules.fastp.fastp                        [DEBUG  ]  No insert size plot data: fastp.json
[2020-12-05 14:48:12,452] multiqc.modules.fastp.fastp                        [INFO   ]  Found 1 reports
[2020-12-05 14:48:12,458] multiqc                                            [DEBUG  ]  No samples found: fastqc
[2020-12-05 14:48:12,459] multiqc                                            [DEBUG  ]  No samples found: pycoqc
[2020-12-05 14:48:12,461] multiqc                                            [DEBUG  ]  No samples found: minionqc
[2020-12-05 14:48:12,463] multiqc                                            [DEBUG  ]  No samples found: multivcfanalyzer
[2020-12-05 14:48:12,467] multiqc                                            [DEBUG  ]  No samples found: clusterflow
[2020-12-05 14:48:12,470] multiqc                                            [DEBUG  ]  No samples found: bcl2fastq
[2020-12-05 14:48:12,472] multiqc                                            [DEBUG  ]  No samples found: interop
[2020-12-05 14:48:12,473] multiqc                                            [DEBUG  ]  No samples found: ivar
[2020-12-05 14:48:12,475] multiqc                                            [DEBUG  ]  No samples found: flash
[2020-12-05 14:48:12,476] multiqc                                            [DEBUG  ]  No samples found: seqyclean
[2020-12-05 14:48:12,480] multiqc                                            [INFO   ]  Compressing plot data
[2020-12-05 14:48:12,514] multiqc                                            [WARNING]  Previous MultiQC output found! Adjusting filenames..
[2020-12-05 14:48:12,515] multiqc                                            [WARNING]  Use -f or --force to overwrite existing reports instead
[2020-12-05 14:48:12,515] multiqc                                            [INFO   ]  Report      : multiqc_report_12.html
[2020-12-05 14:48:12,515] multiqc                                            [INFO   ]  Data        : multiqc_data_12
[2020-12-05 14:48:12,515] multiqc                                            [DEBUG  ]  Moving data file from '/tmp/tmpja9tjojq/multiqc_data' to '/home/dajana/TTP/REZULTAT/multiqc_data_12'
[2020-12-05 14:48:12,579] multiqc                                            [INFO   ]  MultiQC complete
